<?xml version="1.0" encoding="UTF-8"?>
<!-- Generated by org.testng.reporters.JUnitXMLReporter -->
<testsuite ignored="2" hostname="DESKTOP-OFNCMJA" failures="0" tests="1" name="Test" time="7.4" errors="0" timestamp="23 Nov 2023 06:41:04 GMT">
  <testcase classname="orangehrm.pages.PracticeLoginPages" name="launch" time="7.374"/>
  <testcase classname="orangehrm.pages.BaseClass" name="initializingDriver" time="0.0">
    <ignored/>
  </testcase> <!-- initializingDriver -->
  <testcase classname="orangehrm.pages.LoginPages" name="testCase" time="0.0">
    <ignored/>
  </testcase> <!-- testCase -->
</testsuite> <!-- Test -->
