<?xml version="1.0" encoding="UTF-8"?>
<testng-results ignored="2" total="3" passed="1" failed="0" skipped="0">
  <reporter-output>
  </reporter-output>
  <suite started-at="2023-11-23T06:40:56Z" name="Suite" finished-at="2023-11-23T06:41:04Z" duration-ms="7400">
    <groups>
    </groups>
    <test started-at="2023-11-23T06:40:56Z" name="Test" finished-at="2023-11-23T06:41:04Z" duration-ms="7400">
      <class name="orangehrm.pages.PracticeLoginPages">
        <test-method signature="launch()[pri:0, instance:orangehrm.pages.PracticeLoginPages@7e5c856f]" started-at="2023-11-23T06:40:56Z" name="launch" finished-at="2023-11-23T06:41:04Z" duration-ms="7374" status="PASS">
          <reporter-output>
          </reporter-output>
        </test-method> <!-- launch -->
      </class> <!-- orangehrm.pages.PracticeLoginPages -->
    </test> <!-- Test -->
  </suite> <!-- Suite -->
</testng-results>
